+OK+
--host=127.0.0.1
fileName::conf/OurBallForm.conf
end connect
	team:Sainty3D playerID:2 time delay:0 beam:( -0.5 , 0 , 0 )

	running......

CITConf::1
------------------------------------
-----------------------------------time:0
------------------------------------
-----------------------------------time:0
------------------------------------
OurBallRightAttackForm2
fileName::conf/OurBallForm.conf
-----------------------------------time:0
------------------------------------
-----------------------------------time:0
------------------------------------
-----------------------------------time:0
------------------------------------
-----------------------------------time:0
------------------------------------
-----------------------------------time:0
------------------------------------
-----------------------------------time:0
------------------------------------
-----------------------------------time:0
------------------------------------
-----------------------------------time:0
------------------------------------
-----------------------------------time:0
------------------------------------
-----------------------------------time:0
------------------------------------
-----------------------------------time:0
------------------------------------
-----------------------------------time:0
------------------------------------
-----------------------------------time:0
------------------------------------
-----------------------------------time:0
------------------------------------
-----------------------------------time:0
------------------------------------
-----------------------------------time:0
------------------------------------
-----------------------------------time:0
------------------------------------
-----------------------------------time:0
------------------------------------
-----------------------------------time:0
------------------------------------
-----------------------------------time:0
------------------------------------
-----------------------------------time:0
------------------------------------
-----------------------------------time:0
------------------------------------
-----------------------------------time:0
------------------------------------
-----------------------------------time:0
------------------------------------
-----------------------------------time:0
------------------------------------
-----------------------------------time:0
------------------------------------
-----------------------------------time:0
------------------------------------
-----------------------------------time:0
------------------------------------
-----------------------------------time:0
------------------------------------
-----------------------------------time:0
------------------------------------
-----------------------------------time:0
------------------------------------
-----------------------------------time:0
------------------------------------
-----------------------------------time:0
------------------------------------
-----------------------------------time:0
------------------------------------
-----------------------------------time:0
------------------------------------
-----------------------------------time:0
------------------------------------
-----------------------------------time:0
------------------------------------
-----------------------------------time:0
------------------------------------
-----------------------------------time:0
------------------------------------
-----------------------------------time:0
------------------------------------
-----------------------------------time:0
------------------------------------
-----------------------------------time:0
------------------------------------
-----------------------------------time:0
------------------------------------
-----------------------------------time:0
------------------------------------
-----------------------------------time:0
------------------------------------
-----------------------------------time:0
------------------------------------
-----------------------------------time:0
------------------------------------
-----------------------------------time:0
------------------------------------
-----------------------------------time:0
------------------------------------
-----------------------------------time:0
------------------------------------
-----------------------------------time:0
------------------------------------
-----------------------------------time:0
------------------------------------
-----------------------------------time:0
------------------------------------
-----------------------------------time:0
------------------------------------
-----------------------------------time:0
------------------------------------
-----------------------------------time:0
------------------------------------
-----------------------------------time:0
------------------------------------
-----------------------------------time:0
------------------------------------
-----------------------------------time:0
------------------------------------
-----------------------------------time:0
------------------------------------
-----------------------------------time:0
------------------------------------
-----------------------------------time:0
------------------------------------
-----------------------------------time:0
------------------------------------
-----------------------------------time:0
------------------------------------
-----------------------------------time:0
------------------------------------
-----------------------------------time:0
------------------------------------
-----------------------------------time:0
------------------------------------
-----------------------------------time:0
------------------------------------
-----------------------------------time:0
------------------------------------
-----------------------------------time:0
------------------------------------
-----------------------------------time:0
------------------------------------
-----------------------------------time:0
------------------------------------
-----------------------------------time:0
------------------------------------
-----------------------------------time:0
------------------------------------
-----------------------------------time:0
------------------------------------
-----------------------------------time:0
------------------------------------
-----------------------------------time:0
------------------------------------
-----------------------------------time:0
------------------------------------
-----------------------------------time:0
------------------------------------
-----------------------------------time:0
------------------------------------
-----------------------------------time:0
------------------------------------
-----------------------------------time:0
------------------------------------
-----------------------------------time:0
------------------------------------
-----------------------------------time:0
------------------------------------
-----------------------------------time:0
------------------------------------
-----------------------------------time:0
------------------------------------
-----------------------------------time:0
------------------------------------
-----------------------------------time:0
------------------------------------
-----------------------------------time:0
------------------------------------
-----------------------------------time:0
------------------------------------
-----------------------------------time:0
------------------------------------
-----------------------------------time:0
------------------------------------
-----------------------------------time:0
------------------------------------
do not fall down
HIP0.055
THIGH0.135
SHANK0.11
BODYHEIGHT0.24
-----------------------------------time:0.02
------------------------------------
do not fall down
HIP0.055
THIGH0.135
SHANK0.11
BODYHEIGHT0.24
-----------------------------------time:0.04
------------------------------------
do not fall down
HIP0.055
THIGH0.135
SHANK0.11
BODYHEIGHT0.24
-----------------------------------time:0.06
------------------------------------
do not fall down
HIP0.055
THIGH0.135
SHANK0.11
BODYHEIGHT0.24
-----------------------------------time:0.08
------------------------------------
do not fall down
HIP0.055
THIGH0.135
SHANK0.11
BODYHEIGHT0.24
-----------------------------------time:0.1
------------------------------------
do not fall down
HIP0.055
THIGH0.135
SHANK0.11
BODYHEIGHT0.24
-----------------------------------time:0.12
------------------------------------
do not fall down
HIP0.055
THIGH0.135
SHANK0.11
BODYHEIGHT0.24
-----------------------------------time:0.14
------------------------------------
do not fall down
HIP0.055
THIGH0.135
SHANK0.11
BODYHEIGHT0.24
-----------------------------------time:0.16
------------------------------------
do not fall down
HIP0.055
THIGH0.135
SHANK0.11
BODYHEIGHT0.24
-----------------------------------time:0.18
------------------------------------
do not fall down
HIP0.055
THIGH0.135
SHANK0.11
BODYHEIGHT0.24
-----------------------------------time:0.2
------------------------------------
do not fall down
HIP0.055
THIGH0.135
SHANK0.11
BODYHEIGHT0.24
-----------------------------------time:0.22
------------------------------------
do not fall down
HIP0.055
THIGH0.135
SHANK0.11
BODYHEIGHT0.24
-----------------------------------time:0.24
------------------------------------
do not fall down
HIP0.055
THIGH0.135
SHANK0.11
BODYHEIGHT0.24
-----------------------------------time:0.26
------------------------------------
do not fall down
HIP0.055
THIGH0.135
SHANK0.11
BODYHEIGHT0.24
-----------------------------------time:0.28
------------------------------------
do not fall down
HIP0.055
THIGH0.135
SHANK0.11
BODYHEIGHT0.24
-----------------------------------time:0.3
------------------------------------
do not fall down
HIP0.055
THIGH0.135
SHANK0.11
BODYHEIGHT0.24
-----------------------------------time:0.32
------------------------------------
do not fall down
HIP0.055
THIGH0.135
SHANK0.11
BODYHEIGHT0.24
-----------------------------------time:0.34
------------------------------------
do not fall down
HIP0.055
THIGH0.135
SHANK0.11
BODYHEIGHT0.24
-----------------------------------time:0.36
------------------------------------
do not fall down
HIP0.055
THIGH0.135
SHANK0.11
BODYHEIGHT0.24
-----------------------------------time:0.38
------------------------------------
do not fall down
HIP0.055
THIGH0.135
SHANK0.11
BODYHEIGHT0.24
-----------------------------------time:0.4
------------------------------------
do not fall down
HIP0.055
THIGH0.135
SHANK0.11
BODYHEIGHT0.24
-----------------------------------time:0.42
------------------------------------
do not fall down
HIP0.055
THIGH0.135
SHANK0.11
BODYHEIGHT0.24
-----------------------------------time:0.44
------------------------------------
do not fall down
HIP0.055
THIGH0.135
SHANK0.11
BODYHEIGHT0.24
-----------------------------------time:0.46
------------------------------------
do not fall down
HIP0.055
THIGH0.135
SHANK0.11
BODYHEIGHT0.24
-----------------------------------time:0.48
------------------------------------
do not fall down
HIP0.055
THIGH0.135
SHANK0.11
BODYHEIGHT0.24
-----------------------------------time:0.5
------------------------------------
do not fall down
HIP0.055
THIGH0.135
SHANK0.11
BODYHEIGHT0.24
-----------------------------------time:0.52
------------------------------------
do not fall down
HIP0.055
THIGH0.135
SHANK0.11
BODYHEIGHT0.24
-----------------------------------time:0.54
------------------------------------
do not fall down
HIP0.055
THIGH0.135
SHANK0.11
BODYHEIGHT0.24
-----------------------------------time:0.56
------------------------------------
do not fall down
HIP0.055
THIGH0.135
SHANK0.11
BODYHEIGHT0.24
-----------------------------------time:0.58
------------------------------------
do not fall down
HIP0.055
THIGH0.135
SHANK0.11
BODYHEIGHT0.24
-----------------------------------time:0.6
------------------------------------
do not fall down
HIP0.055
THIGH0.135
SHANK0.11
BODYHEIGHT0.24
-----------------------------------time:0.62
------------------------------------
do not fall down
HIP0.055
THIGH0.135
SHANK0.11
BODYHEIGHT0.24
-----------------------------------time:0.64
------------------------------------
do not fall down
HIP0.055
THIGH0.135
SHANK0.11
BODYHEIGHT0.24
-----------------------------------time:0.66
------------------------------------
do not fall down
HIP0.055
THIGH0.135
SHANK0.11
BODYHEIGHT0.24
-----------------------------------time:0.68
------------------------------------
do not fall down
HIP0.055
THIGH0.135
SHANK0.11
BODYHEIGHT0.24
-----------------------------------time:0.7
------------------------------------
do not fall down
HIP0.055
THIGH0.135
SHANK0.11
BODYHEIGHT0.24
-----------------------------------time:0.72
------------------------------------
do not fall down
HIP0.055
THIGH0.135
SHANK0.11
BODYHEIGHT0.24
-----------------------------------time:0.74
------------------------------------
do not fall down
HIP0.055
THIGH0.135
SHANK0.11
BODYHEIGHT0.24
-----------------------------------time:0.76
------------------------------------
do not fall down
HIP0.055
THIGH0.135
SHANK0.11
BODYHEIGHT0.24
-----------------------------------time:0.78
------------------------------------
do not fall down
HIP0.055
THIGH0.135
SHANK0.11
BODYHEIGHT0.24
-----------------------------------time:0.8
------------------------------------
do not fall down
HIP0.055
THIGH0.135
SHANK0.11
BODYHEIGHT0.24
-----------------------------------time:0.82
------------------------------------
do not fall down
HIP0.055
THIGH0.135
SHANK0.11
BODYHEIGHT0.24
-----------------------------------time:0.84
------------------------------------
do not fall down
HIP0.055
THIGH0.135
SHANK0.11
BODYHEIGHT0.24
-----------------------------------time:0.86
------------------------------------
do not fall down
HIP0.055
THIGH0.135
SHANK0.11
BODYHEIGHT0.24
-----------------------------------time:0.88
------------------------------------
do not fall down
HIP0.055
THIGH0.135
SHANK0.11
BODYHEIGHT0.24
-----------------------------------time:0.9
------------------------------------
do not fall down
HIP0.055
THIGH0.135
SHANK0.11
BODYHEIGHT0.24
-----------------------------------time:0.92
------------------------------------
do not fall down
HIP0.055
THIGH0.135
SHANK0.11
BODYHEIGHT0.24
-----------------------------------time:0.94
------------------------------------
do not fall down
HIP0.055
THIGH0.135
SHANK0.11
BODYHEIGHT0.24
-----------------------------------time:0.96
------------------------------------
do not fall down
HIP0.055
THIGH0.135
SHANK0.11
BODYHEIGHT0.24
-----------------------------------time:0.98
------------------------------------
do not fall down
HIP0.055
THIGH0.135
SHANK0.11
BODYHEIGHT0.24
-----------------------------------time:1
------------------------------------
do not fall down
HIP0.055
THIGH0.135
SHANK0.11
BODYHEIGHT0.24
-----------------------------------time:1.02
------------------------------------
do not fall down
HIP0.055
THIGH0.135
SHANK0.11
BODYHEIGHT0.24
-----------------------------------time:1.04
------------------------------------
do not fall down
HIP0.055
THIGH0.135
SHANK0.11
BODYHEIGHT0.24
-----------------------------------time:1.06
------------------------------------
do not fall down
HIP0.055
THIGH0.135
SHANK0.11
BODYHEIGHT0.24
-----------------------------------time:1.08
------------------------------------
do not fall down
HIP0.055
THIGH0.135
SHANK0.11
BODYHEIGHT0.24
-----------------------------------time:1.1
------------------------------------
do not fall down
HIP0.055
THIGH0.135
SHANK0.11
BODYHEIGHT0.24
-----------------------------------time:1.12
------------------------------------
do not fall down
HIP0.055
THIGH0.135
SHANK0.11
BODYHEIGHT0.24
-----------------------------------time:1.14
------------------------------------
do not fall down
HIP0.055
THIGH0.135
SHANK0.11
BODYHEIGHT0.24
-----------------------------------time:1.16
------------------------------------
do not fall down
HIP0.055
THIGH0.135
SHANK0.11
BODYHEIGHT0.24
-----------------------------------time:1.18
------------------------------------
do not fall down
HIP0.055
THIGH0.135
SHANK0.11
BODYHEIGHT0.24
-----------------------------------time:1.2
------------------------------------
do not fall down
HIP0.055
THIGH0.135
SHANK0.11
BODYHEIGHT0.24
-----------------------------------time:1.22
------------------------------------
do not fall down
HIP0.055
THIGH0.135
SHANK0.11
BODYHEIGHT0.24
-----------------------------------time:1.24
------------------------------------
do not fall down
HIP0.055
THIGH0.135
SHANK0.11
BODYHEIGHT0.24
-----------------------------------time:1.26
------------------------------------
do not fall down
HIP0.055
THIGH0.135
SHANK0.11
BODYHEIGHT0.24
-----------------------------------time:1.28
------------------------------------
do not fall down
HIP0.055
THIGH0.135
SHANK0.11
BODYHEIGHT0.24
-----------------------------------time:1.3
------------------------------------
do not fall down
HIP0.055
THIGH0.135
SHANK0.11
BODYHEIGHT0.24
-----------------------------------time:1.32
------------------------------------
do not fall down
HIP0.055
THIGH0.135
SHANK0.11
BODYHEIGHT0.24
-----------------------------------time:1.34
------------------------------------
do not fall down
HIP0.055
THIGH0.135
SHANK0.11
BODYHEIGHT0.24
-----------------------------------time:1.36
------------------------------------
do not fall down
HIP0.055
THIGH0.135
SHANK0.11
BODYHEIGHT0.24
-----------------------------------time:1.38
------------------------------------
do not fall down
HIP0.055
THIGH0.135
SHANK0.11
BODYHEIGHT0.24
-----------------------------------time:1.4
------------------------------------
do not fall down
HIP0.055
THIGH0.135
SHANK0.11
BODYHEIGHT0.24
-----------------------------------time:1.42
------------------------------------
do not fall down
HIP0.055
THIGH0.135
SHANK0.11
BODYHEIGHT0.24
-----------------------------------time:1.44
------------------------------------
do not fall down
HIP0.055
THIGH0.135
SHANK0.11
BODYHEIGHT0.24
-----------------------------------time:1.46
------------------------------------
do not fall down
HIP0.055
THIGH0.135
SHANK0.11
BODYHEIGHT0.24
-----------------------------------time:1.48
------------------------------------
do not fall down
HIP0.055
THIGH0.135
SHANK0.11
BODYHEIGHT0.24
-----------------------------------time:1.5
------------------------------------
do not fall down
HIP0.055
THIGH0.135
SHANK0.11
BODYHEIGHT0.24
-----------------------------------time:1.52
------------------------------------
do not fall down
HIP0.055
THIGH0.135
SHANK0.11
BODYHEIGHT0.24
-----------------------------------time:1.54
------------------------------------
do not fall down
HIP0.055
THIGH0.135
SHANK0.11
BODYHEIGHT0.24
-----------------------------------time:1.56
------------------------------------
do not fall down
HIP0.055
THIGH0.135
SHANK0.11
BODYHEIGHT0.24
-----------------------------------time:1.58
------------------------------------
do not fall down
HIP0.055
THIGH0.135
SHANK0.11
BODYHEIGHT0.24
-----------------------------------time:1.6
------------------------------------
do not fall down
HIP0.055
THIGH0.135
SHANK0.11
BODYHEIGHT0.24
-----------------------------------time:1.62
------------------------------------
do not fall down
HIP0.055
THIGH0.135
SHANK0.11
BODYHEIGHT0.24
-----------------------------------time:1.64
------------------------------------
do not fall down
HIP0.055
THIGH0.135
SHANK0.11
BODYHEIGHT0.24
-----------------------------------time:1.66
------------------------------------
do not fall down
HIP0.055
THIGH0.135
SHANK0.11
BODYHEIGHT0.24
-----------------------------------time:1.68
------------------------------------
do not fall down
HIP0.055
THIGH0.135
SHANK0.11
BODYHEIGHT0.24
-----------------------------------time:1.7
------------------------------------
do not fall down
HIP0.055
THIGH0.135
SHANK0.11
BODYHEIGHT0.24
-----------------------------------time:1.72
------------------------------------
do not fall down
HIP0.055
THIGH0.135
SHANK0.11
BODYHEIGHT0.24
-----------------------------------time:1.74
------------------------------------
do not fall down
HIP0.055
THIGH0.135
SHANK0.11
BODYHEIGHT0.24
-----------------------------------time:1.76
------------------------------------
do not fall down
HIP0.055
THIGH0.135
SHANK0.11
BODYHEIGHT0.24
-----------------------------------time:1.78
------------------------------------
do not fall down
HIP0.055
THIGH0.135
SHANK0.11
BODYHEIGHT0.24
-----------------------------------time:1.8
------------------------------------
do not fall down
HIP0.055
THIGH0.135
SHANK0.11
BODYHEIGHT0.24
-----------------------------------time:1.82
------------------------------------
do not fall down
HIP0.055
THIGH0.135
SHANK0.11
BODYHEIGHT0.24
-----------------------------------time:1.84
------------------------------------
do not fall down
HIP0.055
THIGH0.135
SHANK0.11
BODYHEIGHT0.24
-----------------------------------time:1.86
------------------------------------
do not fall down
HIP0.055
THIGH0.135
SHANK0.11
BODYHEIGHT0.24
-----------------------------------time:1.88
------------------------------------
do not fall down
HIP0.055
THIGH0.135
SHANK0.11
BODYHEIGHT0.24
-----------------------------------time:1.9
------------------------------------
do not fall down
HIP0.055
THIGH0.135
SHANK0.11
BODYHEIGHT0.24
-----------------------------------time:1.92
------------------------------------
do not fall down
HIP0.055
THIGH0.135
SHANK0.11
BODYHEIGHT0.24
-----------------------------------time:1.94
------------------------------------
do not fall down
HIP0.055
THIGH0.135
SHANK0.11
BODYHEIGHT0.24
-----------------------------------time:1.96
------------------------------------
do not fall down
HIP0.055
THIGH0.135
SHANK0.11
BODYHEIGHT0.24
-----------------------------------time:1.98
------------------------------------
do not fall down
HIP0.055
THIGH0.135
SHANK0.11
BODYHEIGHT0.24
-----------------------------------time:2
------------------------------------
do not fall down
HIP0.055
THIGH0.135
SHANK0.11
BODYHEIGHT0.24
-----------------------------------time:2.02
------------------------------------
do not fall down
HIP0.055
THIGH0.135
SHANK0.11
BODYHEIGHT0.24
-----------------------------------time:2.04
------------------------------------
do not fall down
HIP0.055
THIGH0.135
SHANK0.11
BODYHEIGHT0.24
-----------------------------------time:2.06
------------------------------------
do not fall down
HIP0.055
THIGH0.135
SHANK0.11
BODYHEIGHT0.24
-----------------------------------time:2.08
------------------------------------
do not fall down
HIP0.055
THIGH0.135
SHANK0.11
BODYHEIGHT0.24
-----------------------------------time:2.1
------------------------------------
do not fall down
HIP0.055
THIGH0.135
SHANK0.11
BODYHEIGHT0.24
-----------------------------------time:2.12
------------------------------------
do not fall down
HIP0.055
THIGH0.135
SHANK0.11
BODYHEIGHT0.24
-----------------------------------time:2.14
------------------------------------
do not fall down
HIP0.055
THIGH0.135
SHANK0.11
BODYHEIGHT0.24
-----------------------------------time:2.16
------------------------------------
do not fall down
HIP0.055
THIGH0.135
SHANK0.11
BODYHEIGHT0.24
-----------------------------------time:2.18
------------------------------------
do not fall down
HIP0.055
THIGH0.135
SHANK0.11
BODYHEIGHT0.24
-----------------------------------time:2.2
------------------------------------
do not fall down
HIP0.055
THIGH0.135
SHANK0.11
BODYHEIGHT0.24
-----------------------------------time:2.22
------------------------------------
do not fall down
HIP0.055
THIGH0.135
SHANK0.11
BODYHEIGHT0.24
-----------------------------------time:2.24
------------------------------------
do not fall down
HIP0.055
THIGH0.135
SHANK0.11
BODYHEIGHT0.24
-----------------------------------time:2.26
------------------------------------
do not fall down
HIP0.055
THIGH0.135
SHANK0.11
BODYHEIGHT0.24
-----------------------------------time:2.28
------------------------------------
do not fall down
HIP0.055
THIGH0.135
SHANK0.11
BODYHEIGHT0.24
-----------------------------------time:2.3
------------------------------------
do not fall down
HIP0.055
THIGH0.135
SHANK0.11
BODYHEIGHT0.24
-----------------------------------time:2.32
------------------------------------
do not fall down
HIP0.055
THIGH0.135
SHANK0.11
BODYHEIGHT0.24
-----------------------------------time:2.34
------------------------------------
do not fall down
HIP0.055
THIGH0.135
SHANK0.11
BODYHEIGHT0.24
-----------------------------------time:2.36
------------------------------------
do not fall down
HIP0.055
THIGH0.135
SHANK0.11
BODYHEIGHT0.24
-----------------------------------time:2.38
------------------------------------
do not fall down
HIP0.055
THIGH0.135
SHANK0.11
BODYHEIGHT0.24
-----------------------------------time:2.4
------------------------------------
do not fall down
HIP0.055
THIGH0.135
SHANK0.11
BODYHEIGHT0.24
-----------------------------------time:2.42
------------------------------------
do not fall down
HIP0.055
THIGH0.135
SHANK0.11
BODYHEIGHT0.24
-----------------------------------time:2.44
------------------------------------
do not fall down
HIP0.055
THIGH0.135
SHANK0.11
BODYHEIGHT0.24
-----------------------------------time:2.46
------------------------------------
do not fall down
HIP0.055
THIGH0.135
SHANK0.11
BODYHEIGHT0.24
-----------------------------------time:2.48
------------------------------------
do not fall down
HIP0.055
THIGH0.135
SHANK0.11
BODYHEIGHT0.24
-----------------------------------time:2.5
------------------------------------
do not fall down
HIP0.055
THIGH0.135
SHANK0.11
BODYHEIGHT0.24
-----------------------------------time:2.52
------------------------------------
do not fall down
HIP0.055
THIGH0.135
SHANK0.11
BODYHEIGHT0.24
-----------------------------------time:2.54
------------------------------------
do not fall down
HIP0.055
THIGH0.135
SHANK0.11
BODYHEIGHT0.24
-----------------------------------time:2.56
------------------------------------
do not fall down
-----------------------------------time:2.58
------------------------------------
do not fall down
-----------------------------------time:2.6
------------------------------------
do not fall down
-----------------------------------time:2.62
------------------------------------
do not fall down
-----------------------------------time:2.64
------------------------------------
do not fall down
-----------------------------------time:2.66
------------------------------------
do not fall down
-----------------------------------time:2.68
------------------------------------
do not fall down
-----------------------------------time:2.7
------------------------------------
do not fall down
-----------------------------------time:2.72
------------------------------------
do not fall down
-----------------------------------time:2.74
------------------------------------
do not fall down
-----------------------------------time:2.76
------------------------------------
do not fall down
-----------------------------------time:2.78
------------------------------------
do not fall down
-----------------------------------time:2.8
------------------------------------
do not fall down
-----------------------------------time:2.82
------------------------------------
do not fall down
-----------------------------------time:2.84
------------------------------------
do not fall down
-----------------------------------time:2.86
------------------------------------
do not fall down
-----------------------------------time:2.88
------------------------------------
do not fall down
-----------------------------------time:2.9
------------------------------------
do not fall down
-----------------------------------time:2.92
------------------------------------
do not fall down
-----------------------------------time:2.94
------------------------------------
do not fall down
-----------------------------------time:2.96
------------------------------------
do not fall down
-----------------------------------time:2.98
------------------------------------
do not fall down
-----------------------------------time:3
------------------------------------
do not fall down
-----------------------------------time:3.02
------------------------------------
do not fall down
-----------------------------------time:3.04
------------------------------------
do not fall down
-----------------------------------time:3.06
------------------------------------
do not fall down
-----------------------------------time:3.08
------------------------------------
do not fall down
-----------------------------------time:3.1
------------------------------------
do not fall down
-----------------------------------time:3.12
------------------------------------
do not fall down
-----------------------------------time:3.14
------------------------------------
do not fall down
-----------------------------------time:3.16
------------------------------------
do not fall down
-----------------------------------time:3.18
------------------------------------
do not fall down
-----------------------------------time:3.2
------------------------------------
do not fall down
-----------------------------------time:3.22
------------------------------------
do not fall down
-----------------------------------time:3.24
------------------------------------
do not fall down
-----------------------------------time:3.26
------------------------------------
do not fall down
-----------------------------------time:3.28
------------------------------------
do not fall down
-----------------------------------time:3.3
------------------------------------
do not fall down
-----------------------------------time:3.32
------------------------------------
do not fall down
-----------------------------------time:3.34
------------------------------------
do not fall down
-----------------------------------time:3.36
------------------------------------
do not fall down
-----------------------------------time:3.38
------------------------------------
do not fall down
-----------------------------------time:3.4
------------------------------------
do not fall down
-----------------------------------time:3.42
------------------------------------
do not fall down
-----------------------------------time:3.44
------------------------------------
do not fall down
-----------------------------------time:3.46
------------------------------------
do not fall down
-----------------------------------time:3.48
------------------------------------
do not fall down
-----------------------------------time:3.5
------------------------------------
do not fall down
-----------------------------------time:3.52
------------------------------------
do not fall down
-----------------------------------time:3.54
------------------------------------
do not fall down
-----------------------------------time:3.56
------------------------------------
do not fall down
-----------------------------------time:3.58
------------------------------------
do not fall down
-----------------------------------time:3.6
------------------------------------
do not fall down
-----------------------------------time:3.62
------------------------------------
do not fall down
-----------------------------------time:3.64
------------------------------------
do not fall down
-----------------------------------time:3.66
------------------------------------
do not fall down
-----------------------------------time:3.68
------------------------------------
do not fall down
-----------------------------------time:3.7
------------------------------------
do not fall down
-----------------------------------time:3.72
------------------------------------
do not fall down
-----------------------------------time:3.74
------------------------------------
do not fall down
-----------------------------------time:3.76
------------------------------------
do not fall down
-----------------------------------time:3.78
------------------------------------
do not fall down
-----------------------------------time:3.8
------------------------------------
do not fall down
-----------------------------------time:3.82
------------------------------------
do not fall down
-----------------------------------time:3.84
------------------------------------
do not fall down
-----------------------------------time:3.86
------------------------------------
do not fall down
-----------------------------------time:3.88
------------------------------------
do not fall down
-----------------------------------time:3.9
------------------------------------
do not fall down
-----------------------------------time:3.92
------------------------------------
do not fall down
-----------------------------------time:3.94
------------------------------------
do not fall down
-----------------------------------time:3.96
------------------------------------
do not fall down
-----------------------------------time:3.98
------------------------------------
do not fall down
-----------------------------------time:4
------------------------------------
do not fall down
-----------------------------------time:4.02
------------------------------------
do not fall down
-----------------------------------time:4.04
------------------------------------
do not fall down
-----------------------------------time:4.06
------------------------------------
do not fall down
-----------------------------------time:4.08
------------------------------------
do not fall down
-----------------------------------time:4.1
------------------------------------
do not fall down
-----------------------------------time:4.12
------------------------------------
do not fall down
-----------------------------------time:4.14
------------------------------------
do not fall down
-----------------------------------time:4.16
------------------------------------
do not fall down
-----------------------------------time:4.18
------------------------------------
do not fall down
-----------------------------------time:4.2
------------------------------------
do not fall down
-----------------------------------time:4.22
------------------------------------
do not fall down
-----------------------------------time:4.24
------------------------------------
do not fall down
-----------------------------------time:4.26
------------------------------------
do not fall down
-----------------------------------time:4.28
------------------------------------
do not fall down
-----------------------------------time:4.3
------------------------------------
do not fall down
-----------------------------------time:4.32
------------------------------------
do not fall down
-----------------------------------time:4.34
------------------------------------
do not fall down
-----------------------------------time:4.36
------------------------------------
do not fall down
-----------------------------------time:4.38
------------------------------------
do not fall down
-----------------------------------time:4.4
------------------------------------
do not fall down
-----------------------------------time:4.42
------------------------------------
do not fall down
-----------------------------------time:4.44
------------------------------------
do not fall down
-----------------------------------time:4.46
------------------------------------
do not fall down
-----------------------------------time:4.48
------------------------------------
-----------------------------------time:4.5
------------------------------------
-----------------------------------time:4.52
------------------------------------
-----------------------------------time:4.54
------------------------------------
-----------------------------------time:4.56
------------------------------------
-----------------------------------time:4.58
------------------------------------
-----------------------------------time:4.6
------------------------------------
-----------------------------------time:4.62
------------------------------------
-----------------------------------time:4.64
------------------------------------
-----------------------------------time:4.66
------------------------------------
-----------------------------------time:4.68
------------------------------------
-----------------------------------time:4.7
------------------------------------
-----------------------------------time:4.72
------------------------------------
-----------------------------------time:4.74
------------------------------------
-----------------------------------time:4.76
------------------------------------
-----------------------------------time:4.78
------------------------------------
-----------------------------------time:4.8
------------------------------------
-----------------------------------time:4.82
------------------------------------
-----------------------------------time:4.84
------------------------------------
-----------------------------------time:4.86
------------------------------------
-----------------------------------time:4.88
------------------------------------
-----------------------------------time:4.9
------------------------------------
-----------------------------------time:4.92
------------------------------------
-----------------------------------time:4.94
------------------------------------
-----------------------------------time:4.96
------------------------------------
-----------------------------------time:4.98
------------------------------------
-----------------------------------time:5
------------------------------------
-----------------------------------time:5.02
------------------------------------
-----------------------------------time:5.04
------------------------------------
-----------------------------------time:5.06
------------------------------------
-----------------------------------time:5.08
------------------------------------
-----------------------------------time:5.1
------------------------------------
-----------------------------------time:5.12
------------------------------------
-----------------------------------time:5.14
------------------------------------
-----------------------------------time:5.16
------------------------------------
-----------------------------------time:5.18
------------------------------------
timeCounter::::::::::::::::::::::0
-----------------------------------time:5.2
------------------------------------
timeCounter::::::::::::::::::::::1
-----------------------------------time:5.22
------------------------------------
timeCounter::::::::::::::::::::::2
-----------------------------------time:5.24
------------------------------------
timeCounter::::::::::::::::::::::3
-----------------------------------time:5.26
------------------------------------
timeCounter::::::::::::::::::::::4
-----------------------------------time:5.28
------------------------------------
timeCounter::::::::::::::::::::::5
-----------------------------------time:5.3
------------------------------------
timeCounter::::::::::::::::::::::6
-----------------------------------time:5.32
------------------------------------
timeCounter::::::::::::::::::::::7
-----------------------------------time:5.34
------------------------------------
timeCounter::::::::::::::::::::::8
-----------------------------------time:5.36
------------------------------------
timeCounter::::::::::::::::::::::9
-----------------------------------time:5.38
------------------------------------
timeCounter::::::::::::::::::::::10
-----------------------------------time:5.4
------------------------------------
timeCounter::::::::::::::::::::::11
-----------------------------------time:5.42
------------------------------------
timeCounter::::::::::::::::::::::12
-----------------------------------time:5.44
------------------------------------
timeCounter::::::::::::::::::::::13
-----------------------------------time:5.46
------------------------------------
timeCounter::::::::::::::::::::::14
-----------------------------------time:5.48
------------------------------------
timeCounter::::::::::::::::::::::15
-----------------------------------time:5.5
------------------------------------
timeCounter::::::::::::::::::::::16
-----------------------------------time:5.52
------------------------------------
timeCounter::::::::::::::::::::::17
-----------------------------------time:5.54
------------------------------------
timeCounter::::::::::::::::::::::18
-----------------------------------time:5.56
------------------------------------
timeCounter::::::::::::::::::::::19
-----------------------------------time:5.58
------------------------------------
timeCounter::::::::::::::::::::::20
-----------------------------------time:5.6
------------------------------------
timeCounter::::::::::::::::::::::21
-----------------------------------time:5.62
------------------------------------
timeCounter::::::::::::::::::::::22
-----------------------------------time:5.64
------------------------------------
timeCounter::::::::::::::::::::::23
-----------------------------------time:5.66
------------------------------------
timeCounter::::::::::::::::::::::24
-----------------------------------time:5.68
------------------------------------
timeCounter::::::::::::::::::::::25
-----------------------------------time:5.7
------------------------------------
timeCounter::::::::::::::::::::::26
-----------------------------------time:5.72
------------------------------------
timeCounter::::::::::::::::::::::27
-----------------------------------time:5.74
------------------------------------
timeCounter::::::::::::::::::::::28
-----------------------------------time:5.76
------------------------------------
timeCounter::::::::::::::::::::::29
-----------------------------------time:5.78
------------------------------------
timeCounter::::::::::::::::::::::30
-----------------------------------time:5.8
------------------------------------
timeCounter::::::::::::::::::::::31
-----------------------------------time:5.82
------------------------------------
timeCounter::::::::::::::::::::::32
-----------------------------------time:5.84
------------------------------------
timeCounter::::::::::::::::::::::33
-----------------------------------time:5.86
------------------------------------
timeCounter::::::::::::::::::::::34
-----------------------------------time:5.88
------------------------------------
timeCounter::::::::::::::::::::::35
-----------------------------------time:5.9
------------------------------------
timeCounter::::::::::::::::::::::36
-----------------------------------time:5.92
------------------------------------
timeCounter::::::::::::::::::::::37
-----------------------------------time:5.94
------------------------------------
timeCounter::::::::::::::::::::::38
-----------------------------------time:5.96
------------------------------------
timeCounter::::::::::::::::::::::39
-----------------------------------time:5.98
------------------------------------
timeCounter::::::::::::::::::::::40
-----------------------------------time:6
------------------------------------
timeCounter::::::::::::::::::::::41
-----------------------------------time:6.02
------------------------------------
timeCounter::::::::::::::::::::::42
-----------------------------------time:6.04
------------------------------------
timeCounter::::::::::::::::::::::43
-----------------------------------time:6.06
------------------------------------
timeCounter::::::::::::::::::::::44
-----------------------------------time:6.08
------------------------------------
timeCounter::::::::::::::::::::::45
-----------------------------------time:6.1
------------------------------------
timeCounter::::::::::::::::::::::46
-----------------------------------time:6.12
------------------------------------
timeCounter::::::::::::::::::::::47
-----------------------------------time:6.14
------------------------------------
timeCounter::::::::::::::::::::::48
-----------------------------------time:6.16
------------------------------------
timeCounter::::::::::::::::::::::49
-----------------------------------time:6.18
------------------------------------
timeCounter::::::::::::::::::::::50
-----------------------------------time:6.2
------------------------------------
timeCounter::::::::::::::::::::::51
-----------------------------------time:6.22
------------------------------------
timeCounter::::::::::::::::::::::52
-----------------------------------time:6.24
------------------------------------
timeCounter::::::::::::::::::::::53
-----------------------------------time:6.26
------------------------------------
timeCounter::::::::::::::::::::::54
-----------------------------------time:6.28
------------------------------------
timeCounter::::::::::::::::::::::55
-----------------------------------time:6.3
------------------------------------
timeCounter::::::::::::::::::::::56
-----------------------------------time:6.32
------------------------------------
timeCounter::::::::::::::::::::::57
-----------------------------------time:6.34
------------------------------------
timeCounter::::::::::::::::::::::58
-----------------------------------time:6.36
------------------------------------
timeCounter::::::::::::::::::::::59
-----------------------------------time:6.38
------------------------------------
timeCounter::::::::::::::::::::::60
-----------------------------------time:6.4
------------------------------------
timeCounter::::::::::::::::::::::61
-----------------------------------time:6.42
------------------------------------
timeCounter::::::::::::::::::::::62
-----------------------------------time:6.44
------------------------------------
timeCounter::::::::::::::::::::::63
-----------------------------------time:6.46
------------------------------------
timeCounter::::::::::::::::::::::64
-----------------------------------time:6.48
------------------------------------
timeCounter::::::::::::::::::::::65
-----------------------------------time:6.5
------------------------------------
timeCounter::::::::::::::::::::::66
-----------------------------------time:6.52
------------------------------------
timeCounter::::::::::::::::::::::67
-----------------------------------time:6.54
------------------------------------
timeCounter::::::::::::::::::::::68
-----------------------------------time:6.56
------------------------------------
timeCounter::::::::::::::::::::::69
-----------------------------------time:6.58
------------------------------------
timeCounter::::::::::::::::::::::70
-----------------------------------time:6.6
------------------------------------
timeCounter::::::::::::::::::::::71
-----------------------------------time:6.62
------------------------------------
timeCounter::::::::::::::::::::::72
-----------------------------------time:6.64
------------------------------------
timeCounter::::::::::::::::::::::73
-----------------------------------time:6.66
------------------------------------
timeCounter::::::::::::::::::::::74
-----------------------------------time:6.68
------------------------------------
timeCounter::::::::::::::::::::::75
-----------------------------------time:6.7
------------------------------------
timeCounter::::::::::::::::::::::76
-----------------------------------time:6.72
------------------------------------
timeCounter::::::::::::::::::::::77
-----------------------------------time:6.74
------------------------------------
timeCounter::::::::::::::::::::::78
-----------------------------------time:6.76
------------------------------------
timeCounter::::::::::::::::::::::79
-----------------------------------time:6.78
------------------------------------
timeCounter::::::::::::::::::::::80
-----------------------------------time:6.8
------------------------------------
timeCounter::::::::::::::::::::::81
-----------------------------------time:6.82
------------------------------------
timeCounter::::::::::::::::::::::82
-----------------------------------time:6.84
------------------------------------
timeCounter::::::::::::::::::::::83
-----------------------------------time:6.86
------------------------------------
timeCounter::::::::::::::::::::::84
-----------------------------------time:6.88
------------------------------------
timeCounter::::::::::::::::::::::85
-----------------------------------time:6.9
------------------------------------
timeCounter::::::::::::::::::::::86
-----------------------------------time:6.92
------------------------------------
timeCounter::::::::::::::::::::::87
-----------------------------------time:6.94
------------------------------------
timeCounter::::::::::::::::::::::88
-----------------------------------time:6.96
------------------------------------
timeCounter::::::::::::::::::::::89
-----------------------------------time:6.98
------------------------------------
timeCounter::::::::::::::::::::::90
-----------------------------------time:7
------------------------------------
timeCounter::::::::::::::::::::::91
-----------------------------------time:7.02
------------------------------------
timeCounter::::::::::::::::::::::92
-----------------------------------time:7.04
------------------------------------
timeCounter::::::::::::::::::::::93
-----------------------------------time:7.06
------------------------------------
timeCounter::::::::::::::::::::::94
-----------------------------------time:7.08
------------------------------------
timeCounter::::::::::::::::::::::95
-----------------------------------time:7.1
------------------------------------
timeCounter::::::::::::::::::::::96
-----------------------------------time:7.12
------------------------------------
timeCounter::::::::::::::::::::::97
-----------------------------------time:7.14
------------------------------------
timeCounter::::::::::::::::::::::98
-----------------------------------time:7.16
------------------------------------
timeCounter::::::::::::::::::::::99
-----------------------------------time:7.18
------------------------------------
timeCounter::::::::::::::::::::::100
-----------------------------------time:7.2
------------------------------------
timeCounter::::::::::::::::::::::101
-----------------------------------time:7.22
------------------------------------
timeCounter::::::::::::::::::::::102
-----------------------------------time:7.24
------------------------------------
timeCounter::::::::::::::::::::::103
-----------------------------------time:7.26
------------------------------------
timeCounter::::::::::::::::::::::104
-----------------------------------time:7.28
------------------------------------
timeCounter::::::::::::::::::::::105
-----------------------------------time:7.3
------------------------------------
timeCounter::::::::::::::::::::::106
-----------------------------------time:7.32
------------------------------------
timeCounter::::::::::::::::::::::107
-----------------------------------time:7.34
------------------------------------
timeCounter::::::::::::::::::::::108
-----------------------------------time:7.36
------------------------------------
timeCounter::::::::::::::::::::::109
-----------------------------------time:7.38
------------------------------------
timeCounter::::::::::::::::::::::110
-----------------------------------time:7.4
------------------------------------
timeCounter::::::::::::::::::::::111
-----------------------------------time:7.42
------------------------------------
timeCounter::::::::::::::::::::::112
-----------------------------------time:7.44
------------------------------------
timeCounter::::::::::::::::::::::113
-----------------------------------time:7.46
------------------------------------
timeCounter::::::::::::::::::::::114
-----------------------------------time:7.48
------------------------------------
timeCounter::::::::::::::::::::::115
-----------------------------------time:7.5
------------------------------------
timeCounter::::::::::::::::::::::116
-----------------------------------time:7.52
------------------------------------
timeCounter::::::::::::::::::::::117
-----------------------------------time:7.54
------------------------------------
timeCounter::::::::::::::::::::::118
-----------------------------------time:7.56
------------------------------------
timeCounter::::::::::::::::::::::119
-----------------------------------time:7.58
------------------------------------
timeCounter::::::::::::::::::::::120
-----------------------------------time:7.6
------------------------------------
timeCounter::::::::::::::::::::::121
-----------------------------------time:7.62
------------------------------------
timeCounter::::::::::::::::::::::122
-----------------------------------time:7.64
------------------------------------
timeCounter::::::::::::::::::::::123
-----------------------------------time:7.66
------------------------------------
timeCounter::::::::::::::::::::::124
-----------------------------------time:7.68
------------------------------------
timeCounter::::::::::::::::::::::125
-----------------------------------time:7.7
------------------------------------
timeCounter::::::::::::::::::::::126
-----------------------------------time:7.72
------------------------------------
timeCounter::::::::::::::::::::::127
-----------------------------------time:7.74
------------------------------------
timeCounter::::::::::::::::::::::128
-----------------------------------time:7.76
------------------------------------
timeCounter::::::::::::::::::::::129
-----------------------------------time:7.78
------------------------------------
timeCounter::::::::::::::::::::::130
-----------------------------------time:7.8
------------------------------------
timeCounter::::::::::::::::::::::131
-----------------------------------time:7.82
------------------------------------
timeCounter::::::::::::::::::::::132
-----------------------------------time:7.84
------------------------------------
timeCounter::::::::::::::::::::::133
-----------------------------------time:7.86
------------------------------------
timeCounter::::::::::::::::::::::134
-----------------------------------time:7.88
------------------------------------
timeCounter::::::::::::::::::::::135
-----------------------------------time:7.9
------------------------------------
timeCounter::::::::::::::::::::::136
-----------------------------------time:7.92
------------------------------------
timeCounter::::::::::::::::::::::137
-----------------------------------time:7.94
------------------------------------
timeCounter::::::::::::::::::::::138
-----------------------------------time:7.96
------------------------------------
timeCounter::::::::::::::::::::::139
-----------------------------------time:7.98
------------------------------------
timeCounter::::::::::::::::::::::140
-----------------------------------time:8
------------------------------------
timeCounter::::::::::::::::::::::141
-----------------------------------time:8.02
------------------------------------
timeCounter::::::::::::::::::::::142
-----------------------------------time:8.04
------------------------------------
timeCounter::::::::::::::::::::::143
-----------------------------------time:8.06
------------------------------------
timeCounter::::::::::::::::::::::144
-----------------------------------time:8.08
------------------------------------
timeCounter::::::::::::::::::::::145
-----------------------------------time:8.1
------------------------------------
timeCounter::::::::::::::::::::::146
-----------------------------------time:8.12
------------------------------------
timeCounter::::::::::::::::::::::147
-----------------------------------time:8.14
------------------------------------
timeCounter::::::::::::::::::::::148
-----------------------------------time:8.16
------------------------------------
timeCounter::::::::::::::::::::::149
-----------------------------------time:8.18
------------------------------------
timeCounter::::::::::::::::::::::150
-----------------------------------time:8.2
------------------------------------
timeCounter::::::::::::::::::::::151
-----------------------------------time:8.22
------------------------------------
timeCounter::::::::::::::::::::::0
-----------------------------------time:8.24
------------------------------------
timeCounter::::::::::::::::::::::1
-----------------------------------time:8.26
------------------------------------
timeCounter::::::::::::::::::::::2
-----------------------------------time:8.28
------------------------------------
timeCounter::::::::::::::::::::::3
-----------------------------------time:8.3
------------------------------------
timeCounter::::::::::::::::::::::4
-----------------------------------time:8.32
------------------------------------
timeCounter::::::::::::::::::::::5
-----------------------------------time:8.34
------------------------------------
timeCounter::::::::::::::::::::::6
-----------------------------------time:8.36
------------------------------------
timeCounter::::::::::::::::::::::7
-----------------------------------time:8.38
------------------------------------
timeCounter::::::::::::::::::::::8
-----------------------------------time:8.4
------------------------------------
timeCounter::::::::::::::::::::::9
-----------------------------------time:8.42
------------------------------------
timeCounter::::::::::::::::::::::10
-----------------------------------time:8.44
------------------------------------
timeCounter::::::::::::::::::::::11
-----------------------------------time:8.46
------------------------------------
timeCounter::::::::::::::::::::::12
-----------------------------------time:8.48
------------------------------------
timeCounter::::::::::::::::::::::13
-----------------------------------time:8.5
------------------------------------
timeCounter::::::::::::::::::::::14
-----------------------------------time:8.52
------------------------------------
timeCounter::::::::::::::::::::::15
-----------------------------------time:8.54
------------------------------------
timeCounter::::::::::::::::::::::16
-----------------------------------time:8.56
------------------------------------
timeCounter::::::::::::::::::::::17
-----------------------------------time:8.58
------------------------------------
timeCounter::::::::::::::::::::::18
-----------------------------------time:8.6
------------------------------------
timeCounter::::::::::::::::::::::19
-----------------------------------time:8.62
------------------------------------
timeCounter::::::::::::::::::::::20
-----------------------------------time:8.64
------------------------------------
timeCounter::::::::::::::::::::::21
-----------------------------------time:8.66
------------------------------------
timeCounter::::::::::::::::::::::22
-----------------------------------time:8.68
------------------------------------
timeCounter::::::::::::::::::::::23
-----------------------------------time:8.7
------------------------------------
timeCounter::::::::::::::::::::::24
-----------------------------------time:8.72
------------------------------------
timeCounter::::::::::::::::::::::25
-----------------------------------time:8.74
------------------------------------
timeCounter::::::::::::::::::::::26
-----------------------------------time:8.76
------------------------------------
timeCounter::::::::::::::::::::::27
-----------------------------------time:8.78
------------------------------------
timeCounter::::::::::::::::::::::28
-----------------------------------time:8.8
------------------------------------
timeCounter::::::::::::::::::::::29
-----------------------------------time:8.82
------------------------------------
timeCounter::::::::::::::::::::::30
-----------------------------------time:8.84
------------------------------------
timeCounter::::::::::::::::::::::31
-----------------------------------time:8.86
------------------------------------
timeCounter::::::::::::::::::::::32
-----------------------------------time:8.88
------------------------------------
timeCounter::::::::::::::::::::::33
-----------------------------------time:8.9
------------------------------------
timeCounter::::::::::::::::::::::34
-----------------------------------time:8.92
------------------------------------
timeCounter::::::::::::::::::::::35
-----------------------------------time:8.94
------------------------------------
timeCounter::::::::::::::::::::::36
-----------------------------------time:8.96
------------------------------------
timeCounter::::::::::::::::::::::37
-----------------------------------time:8.98
------------------------------------
timeCounter::::::::::::::::::::::38
-----------------------------------time:9
------------------------------------
timeCounter::::::::::::::::::::::39
-----------------------------------time:9.02
------------------------------------
timeCounter::::::::::::::::::::::40
-----------------------------------time:9.04
------------------------------------
timeCounter::::::::::::::::::::::41
-----------------------------------time:9.06
------------------------------------
timeCounter::::::::::::::::::::::42
-----------------------------------time:9.08
------------------------------------
timeCounter::::::::::::::::::::::43
-----------------------------------time:9.1
------------------------------------
timeCounter::::::::::::::::::::::44
-----------------------------------time:9.12
------------------------------------
timeCounter::::::::::::::::::::::45
-----------------------------------time:9.14
------------------------------------
timeCounter::::::::::::::::::::::46
-----------------------------------time:9.16
------------------------------------
timeCounter::::::::::::::::::::::47
-----------------------------------time:9.18
------------------------------------
timeCounter::::::::::::::::::::::48
-----------------------------------time:9.2
------------------------------------
timeCounter::::::::::::::::::::::49
-----------------------------------time:9.22
------------------------------------
timeCounter::::::::::::::::::::::50
-----------------------------------time:9.24
------------------------------------
timeCounter::::::::::::::::::::::51
-----------------------------------time:9.26
------------------------------------
timeCounter::::::::::::::::::::::52
-----------------------------------time:9.28
------------------------------------
timeCounter::::::::::::::::::::::53
-----------------------------------time:9.3
------------------------------------
timeCounter::::::::::::::::::::::54
-----------------------------------time:9.32
------------------------------------
timeCounter::::::::::::::::::::::55
-----------------------------------time:9.34
------------------------------------
timeCounter::::::::::::::::::::::56
-----------------------------------time:9.36
------------------------------------
timeCounter::::::::::::::::::::::57
-----------------------------------time:9.38
------------------------------------
timeCounter::::::::::::::::::::::58
-----------------------------------time:9.4
------------------------------------
timeCounter::::::::::::::::::::::59
-----------------------------------time:9.42
------------------------------------
timeCounter::::::::::::::::::::::60
-----------------------------------time:9.44
------------------------------------
timeCounter::::::::::::::::::::::61
-----------------------------------time:9.46
------------------------------------
timeCounter::::::::::::::::::::::62
-----------------------------------time:9.48
------------------------------------
timeCounter::::::::::::::::::::::63
-----------------------------------time:9.5
------------------------------------
timeCounter::::::::::::::::::::::64
-----------------------------------time:9.52
------------------------------------
timeCounter::::::::::::::::::::::65
-----------------------------------time:9.54
------------------------------------
timeCounter::::::::::::::::::::::66
-----------------------------------time:9.56
------------------------------------
timeCounter::::::::::::::::::::::67
-----------------------------------time:9.58
------------------------------------
timeCounter::::::::::::::::::::::68
-----------------------------------time:9.6
------------------------------------
timeCounter::::::::::::::::::::::69
-----------------------------------time:9.62
------------------------------------
timeCounter::::::::::::::::::::::70
-----------------------------------time:9.64
------------------------------------
timeCounter::::::::::::::::::::::71
-----------------------------------time:9.66
------------------------------------
timeCounter::::::::::::::::::::::72
-----------------------------------time:9.68
------------------------------------
timeCounter::::::::::::::::::::::73
-----------------------------------time:9.7
------------------------------------
timeCounter::::::::::::::::::::::74
-----------------------------------time:9.72
------------------------------------
timeCounter::::::::::::::::::::::75
-----------------------------------time:9.74
------------------------------------
timeCounter::::::::::::::::::::::76
-----------------------------------time:9.76
------------------------------------
timeCounter::::::::::::::::::::::77
-----------------------------------time:9.78
------------------------------------
timeCounter::::::::::::::::::::::78
-----------------------------------time:9.8
------------------------------------
timeCounter::::::::::::::::::::::79
-----------------------------------time:9.82
------------------------------------
timeCounter::::::::::::::::::::::80
-----------------------------------time:9.84
------------------------------------
timeCounter::::::::::::::::::::::81
-----------------------------------time:9.86
------------------------------------
timeCounter::::::::::::::::::::::82
-----------------------------------time:9.88
------------------------------------
timeCounter::::::::::::::::::::::83
-----------------------------------time:9.9
------------------------------------
timeCounter::::::::::::::::::::::84
-----------------------------------time:9.92
------------------------------------
timeCounter::::::::::::::::::::::85
-----------------------------------time:9.94
------------------------------------
timeCounter::::::::::::::::::::::86
-----------------------------------time:9.96
------------------------------------
timeCounter::::::::::::::::::::::87
-----------------------------------time:9.98
------------------------------------
timeCounter::::::::::::::::::::::88
-----------------------------------time:10
------------------------------------
timeCounter::::::::::::::::::::::89
-----------------------------------time:10.02
------------------------------------
timeCounter::::::::::::::::::::::90
-----------------------------------time:10.04
------------------------------------
timeCounter::::::::::::::::::::::91
-----------------------------------time:10.06
------------------------------------
timeCounter::::::::::::::::::::::92
-----------------------------------time:10.08
------------------------------------
timeCounter::::::::::::::::::::::93
-----------------------------------time:10.1
------------------------------------
timeCounter::::::::::::::::::::::94
-----------------------------------time:10.12
------------------------------------
timeCounter::::::::::::::::::::::95
-----------------------------------time:10.14
------------------------------------
timeCounter::::::::::::::::::::::96
-----------------------------------time:10.16
------------------------------------
timeCounter::::::::::::::::::::::97
-----------------------------------time:10.18
------------------------------------
timeCounter::::::::::::::::::::::98
-----------------------------------time:10.2
------------------------------------
timeCounter::::::::::::::::::::::99
-----------------------------------time:10.22
------------------------------------
timeCounter::::::::::::::::::::::100
-----------------------------------time:10.24
